<?xml version="1.0" encoding="UTF-8"?>
<testsuite name="RowSumOddNumbersTest" tests="1" skipped="0" failures="0" errors="0" timestamp="2021-03-05T18:39:42" hostname="DESKTOP-HTHBLUQ" time="0.024">
  <properties/>
  <testcase name="rowSumOddNumbers()" classname="RowSumOddNumbersTest" time="0.024"/>
  <system-out><![CDATA[1
903
]]></system-out>
  <system-err><![CDATA[]]></system-err>
</testsuite>
